<?xml version="1.0" encoding="UTF-8" ?>
<!DOCTYPE mapper
		PUBLIC "-//mybatis.org//DTD Mapper 3.0//EN"
		"http://mybatis.org/dtd/mybatis-3-mapper.dtd">

<mapper namespace="com.example.demo.dao.TestDao">
	<select id="showTables" resultType="String">
		show tables
	</select>

	<select id="getTest" parameterType="String" resultType="CodeSubVo">
		SELECT
			MAIN_CD maincd,
			SUB_CD subCd,
			SUB_CD_NM subCdNm
		FROM CODE_SUB
		WHERE 1=1
		<if test="value != null and value != ''">
			AND MAIN_CD = #{value}
		</if>
	</select>
</mapper>